2024-06-10 12:58:13,564 [DEBUG] Starting new HTTPS connection (1): api.mercadolibre.com:443
2024-06-10 12:58:14,066 [DEBUG] https://api.mercadolibre.com:443 "GET /sites/MLA/search?q=Chromecast&limit=50 HTTP/1.1" 200 None
2024-06-10 12:58:14,303 [INFO] La request se ejecutó con éxito!
2024-06-10 12:58:14,305 [DEBUG] Starting new HTTPS connection (1): api.mercadolibre.com:443
2024-06-10 12:58:14,725 [DEBUG] https://api.mercadolibre.com:443 "GET /sites/MLA/search?q=Google%20Home&limit=50 HTTP/1.1" 200 None
2024-06-10 12:58:15,014 [INFO] La request se ejecutó con éxito!
2024-06-10 12:58:15,018 [DEBUG] Starting new HTTPS connection (1): api.mercadolibre.com:443
2024-06-10 12:58:15,441 [DEBUG] https://api.mercadolibre.com:443 "GET /sites/MLA/search?q=Apple%20TV&limit=50 HTTP/1.1" 200 None
2024-06-10 12:58:15,728 [INFO] La request se ejecutó con éxito!
2024-06-10 12:58:15,730 [DEBUG] Starting new HTTPS connection (1): api.mercadolibre.com:443
2024-06-10 12:58:16,215 [DEBUG] https://api.mercadolibre.com:443 "GET /sites/MLA/search?q=Amazon%20Fire%20TV&limit=50 HTTP/1.1" 200 None
2024-06-10 12:58:16,355 [INFO] La request se ejecutó con éxito!
2024-06-10 12:58:16,356 [INFO] Extrayendo los ID de los items...
2024-06-10 12:58:16,358 [DEBUG] Starting new HTTPS connection (1): api.mercadolibre.com:443
2024-06-10 12:58:16,615 [DEBUG] https://api.mercadolibre.com:443 "GET /items/MLA1696276176 HTTP/1.1" 200 None
2024-06-10 12:58:16,617 [INFO] La request se ejecutó con éxito!
2024-06-10 12:58:16,619 [DEBUG] Starting new HTTPS connection (1): api.mercadolibre.com:443
2024-06-10 12:58:16,875 [DEBUG] https://api.mercadolibre.com:443 "GET /items/MLA1401784639 HTTP/1.1" 200 None
2024-06-10 12:58:16,876 [INFO] La request se ejecutó con éxito!
2024-06-10 12:58:16,880 [DEBUG] Starting new HTTPS connection (1): api.mercadolibre.com:443
2024-06-10 12:58:17,137 [DEBUG] https://api.mercadolibre.com:443 "GET /items/MLA1759597416 HTTP/1.1" 200 None
2024-06-10 12:58:17,137 [INFO] La request se ejecutó con éxito!
2024-06-10 12:58:17,140 [DEBUG] Starting new HTTPS connection (1): api.mercadolibre.com:443
2024-06-10 12:58:17,414 [DEBUG] https://api.mercadolibre.com:443 "GET /items/MLA1421099999 HTTP/1.1" 200 None
2024-06-10 12:58:17,414 [INFO] La request se ejecutó con éxito!
2024-06-10 12:58:17,417 [DEBUG] Starting new HTTPS connection (1): api.mercadolibre.com:443
2024-06-10 12:58:17,691 [DEBUG] https://api.mercadolibre.com:443 "GET /items/MLA1658635368 HTTP/1.1" 200 None
2024-06-10 12:58:17,692 [INFO] La request se ejecutó con éxito!
2024-06-10 12:58:17,695 [DEBUG] Starting new HTTPS connection (1): api.mercadolibre.com:443
2024-06-10 12:58:17,952 [DEBUG] https://api.mercadolibre.com:443 "GET /items/MLA877404372 HTTP/1.1" 200 None
2024-06-10 12:58:17,953 [INFO] La request se ejecutó con éxito!
2024-06-10 12:58:17,957 [DEBUG] Starting new HTTPS connection (1): api.mercadolibre.com:443
2024-06-10 12:58:18,213 [DEBUG] https://api.mercadolibre.com:443 "GET /items/MLA914385971 HTTP/1.1" 200 None
2024-06-10 12:58:18,214 [INFO] La request se ejecutó con éxito!
2024-06-10 12:58:18,216 [DEBUG] Starting new HTTPS connection (1): api.mercadolibre.com:443
2024-06-10 12:58:18,474 [DEBUG] https://api.mercadolibre.com:443 "GET /items/MLA1157311519 HTTP/1.1" 200 None
2024-06-10 12:58:18,475 [INFO] La request se ejecutó con éxito!
2024-06-10 12:58:18,477 [DEBUG] Starting new HTTPS connection (1): api.mercadolibre.com:443
2024-06-10 12:58:18,728 [DEBUG] https://api.mercadolibre.com:443 "GET /items/MLA1428117197 HTTP/1.1" 200 None
2024-06-10 12:58:18,729 [INFO] La request se ejecutó con éxito!
2024-06-10 12:58:18,732 [DEBUG] Starting new HTTPS connection (1): api.mercadolibre.com:443
2024-06-10 12:58:18,979 [DEBUG] https://api.mercadolibre.com:443 "GET /items/MLA1425052099 HTTP/1.1" 200 None
2024-06-10 12:58:18,980 [INFO] La request se ejecutó con éxito!
2024-06-10 12:58:18,984 [DEBUG] Starting new HTTPS connection (1): api.mercadolibre.com:443
2024-06-10 12:58:19,232 [DEBUG] https://api.mercadolibre.com:443 "GET /items/MLA1416772393 HTTP/1.1" 200 None
2024-06-10 12:58:19,233 [INFO] La request se ejecutó con éxito!
2024-06-10 12:58:19,236 [DEBUG] Starting new HTTPS connection (1): api.mercadolibre.com:443
2024-06-10 12:58:19,496 [DEBUG] https://api.mercadolibre.com:443 "GET /items/MLA1407702583 HTTP/1.1" 200 None
2024-06-10 12:58:19,497 [INFO] La request se ejecutó con éxito!
2024-06-10 12:58:19,500 [DEBUG] Starting new HTTPS connection (1): api.mercadolibre.com:443
2024-06-10 12:58:19,751 [DEBUG] https://api.mercadolibre.com:443 "GET /items/MLA1398701829 HTTP/1.1" 200 None
2024-06-10 12:58:19,752 [INFO] La request se ejecutó con éxito!
2024-06-10 12:58:19,755 [DEBUG] Starting new HTTPS connection (1): api.mercadolibre.com:443
2024-06-10 12:58:20,021 [DEBUG] https://api.mercadolibre.com:443 "GET /items/MLA778066728 HTTP/1.1" 200 None
2024-06-10 12:58:20,022 [INFO] La request se ejecutó con éxito!
2024-06-10 12:58:20,026 [DEBUG] Starting new HTTPS connection (1): api.mercadolibre.com:443
2024-06-10 12:58:20,290 [DEBUG] https://api.mercadolibre.com:443 "GET /items/MLA1397258263 HTTP/1.1" 200 None
2024-06-10 12:58:20,291 [INFO] La request se ejecutó con éxito!
2024-06-10 12:58:20,295 [DEBUG] Starting new HTTPS connection (1): api.mercadolibre.com:443
2024-06-10 12:58:20,555 [DEBUG] https://api.mercadolibre.com:443 "GET /items/MLA1414727275 HTTP/1.1" 200 None
2024-06-10 12:58:20,556 [INFO] La request se ejecutó con éxito!
2024-06-10 12:58:20,559 [DEBUG] Starting new HTTPS connection (1): api.mercadolibre.com:443
2024-06-10 12:58:20,820 [DEBUG] https://api.mercadolibre.com:443 "GET /items/MLA914388160 HTTP/1.1" 200 None
2024-06-10 12:58:20,821 [INFO] La request se ejecutó con éxito!
2024-06-10 12:58:20,825 [DEBUG] Starting new HTTPS connection (1): api.mercadolibre.com:443
2024-06-10 12:58:21,085 [DEBUG] https://api.mercadolibre.com:443 "GET /items/MLA1428066747 HTTP/1.1" 200 None
2024-06-10 12:58:21,086 [INFO] La request se ejecutó con éxito!
2024-06-10 12:58:21,089 [DEBUG] Starting new HTTPS connection (1): api.mercadolibre.com:443
2024-06-10 12:58:21,336 [DEBUG] https://api.mercadolibre.com:443 "GET /items/MLA1386116448 HTTP/1.1" 200 None
2024-06-10 12:58:21,337 [INFO] La request se ejecutó con éxito!
2024-06-10 12:58:21,340 [DEBUG] Starting new HTTPS connection (1): api.mercadolibre.com:443
2024-06-10 12:58:21,602 [DEBUG] https://api.mercadolibre.com:443 "GET /items/MLA1388041975 HTTP/1.1" 200 None
2024-06-10 12:58:21,602 [INFO] La request se ejecutó con éxito!
2024-06-10 12:58:21,606 [DEBUG] Starting new HTTPS connection (1): api.mercadolibre.com:443
2024-06-10 12:58:21,863 [DEBUG] https://api.mercadolibre.com:443 "GET /items/MLA1520868370 HTTP/1.1" 200 None
2024-06-10 12:58:21,864 [INFO] La request se ejecutó con éxito!
2024-06-10 12:58:21,867 [DEBUG] Starting new HTTPS connection (1): api.mercadolibre.com:443
2024-06-10 12:58:22,129 [DEBUG] https://api.mercadolibre.com:443 "GET /items/MLA1418308795 HTTP/1.1" 200 None
2024-06-10 12:58:22,130 [INFO] La request se ejecutó con éxito!
2024-06-10 12:58:22,134 [DEBUG] Starting new HTTPS connection (1): api.mercadolibre.com:443
2024-06-10 12:58:22,391 [DEBUG] https://api.mercadolibre.com:443 "GET /items/MLA1425026335 HTTP/1.1" 200 None
2024-06-10 12:58:22,393 [INFO] La request se ejecutó con éxito!
2024-06-10 12:58:22,397 [DEBUG] Starting new HTTPS connection (1): api.mercadolibre.com:443
2024-06-10 12:58:22,657 [DEBUG] https://api.mercadolibre.com:443 "GET /items/MLA1365631869 HTTP/1.1" 200 None
2024-06-10 12:58:22,658 [INFO] La request se ejecutó con éxito!
2024-06-10 12:58:22,661 [DEBUG] Starting new HTTPS connection (1): api.mercadolibre.com:443
2024-06-10 12:58:22,925 [DEBUG] https://api.mercadolibre.com:443 "GET /items/MLA1277635992 HTTP/1.1" 200 None
2024-06-10 12:58:22,926 [INFO] La request se ejecutó con éxito!
2024-06-10 12:58:22,930 [DEBUG] Starting new HTTPS connection (1): api.mercadolibre.com:443
2024-06-10 12:58:23,195 [DEBUG] https://api.mercadolibre.com:443 "GET /items/MLA1282971109 HTTP/1.1" 200 None
2024-06-10 12:58:23,197 [INFO] La request se ejecutó con éxito!
2024-06-10 12:58:23,200 [DEBUG] Starting new HTTPS connection (1): api.mercadolibre.com:443
2024-06-10 12:58:23,458 [DEBUG] https://api.mercadolibre.com:443 "GET /items/MLA1113470749 HTTP/1.1" 200 None
2024-06-10 12:58:23,459 [INFO] La request se ejecutó con éxito!
2024-06-10 12:58:23,462 [DEBUG] Starting new HTTPS connection (1): api.mercadolibre.com:443
2024-06-10 12:58:23,730 [DEBUG] https://api.mercadolibre.com:443 "GET /items/MLA1747941632 HTTP/1.1" 200 None
2024-06-10 12:58:23,731 [INFO] La request se ejecutó con éxito!
2024-06-10 12:58:23,736 [DEBUG] Starting new HTTPS connection (1): api.mercadolibre.com:443
2024-06-10 12:58:24,000 [DEBUG] https://api.mercadolibre.com:443 "GET /items/MLA1116497725 HTTP/1.1" 200 None
2024-06-10 12:58:24,002 [INFO] La request se ejecutó con éxito!
2024-06-10 12:58:24,006 [DEBUG] Starting new HTTPS connection (1): api.mercadolibre.com:443
2024-06-10 12:58:24,258 [DEBUG] https://api.mercadolibre.com:443 "GET /items/MLA1421010719 HTTP/1.1" 200 None
2024-06-10 12:58:24,259 [INFO] La request se ejecutó con éxito!
2024-06-10 12:58:24,263 [DEBUG] Starting new HTTPS connection (1): api.mercadolibre.com:443
2024-06-10 12:58:24,520 [DEBUG] https://api.mercadolibre.com:443 "GET /items/MLA1324508604 HTTP/1.1" 200 None
2024-06-10 12:58:24,520 [INFO] La request se ejecutó con éxito!
2024-06-10 12:58:24,523 [DEBUG] Starting new HTTPS connection (1): api.mercadolibre.com:443
2024-06-10 12:58:24,771 [DEBUG] https://api.mercadolibre.com:443 "GET /items/MLA1395085609 HTTP/1.1" 200 None
2024-06-10 12:58:24,772 [INFO] La request se ejecutó con éxito!
2024-06-10 12:58:24,776 [DEBUG] Starting new HTTPS connection (1): api.mercadolibre.com:443
2024-06-10 12:58:25,043 [DEBUG] https://api.mercadolibre.com:443 "GET /items/MLA1425655935 HTTP/1.1" 200 None
2024-06-10 12:58:25,044 [INFO] La request se ejecutó con éxito!
2024-06-10 12:58:25,048 [DEBUG] Starting new HTTPS connection (1): api.mercadolibre.com:443
2024-06-10 12:58:25,328 [DEBUG] https://api.mercadolibre.com:443 "GET /items/MLA1532640728 HTTP/1.1" 200 None
2024-06-10 12:58:25,329 [INFO] La request se ejecutó con éxito!
2024-06-10 12:58:25,333 [DEBUG] Starting new HTTPS connection (1): api.mercadolibre.com:443
2024-06-10 12:58:25,589 [DEBUG] https://api.mercadolibre.com:443 "GET /items/MLA1150913734 HTTP/1.1" 200 None
2024-06-10 12:58:25,590 [INFO] La request se ejecutó con éxito!
2024-06-10 12:58:25,594 [DEBUG] Starting new HTTPS connection (1): api.mercadolibre.com:443
2024-06-10 12:58:25,866 [DEBUG] https://api.mercadolibre.com:443 "GET /items/MLA922347946 HTTP/1.1" 200 None
2024-06-10 12:58:25,866 [INFO] La request se ejecutó con éxito!
2024-06-10 12:58:25,868 [DEBUG] Starting new HTTPS connection (1): api.mercadolibre.com:443
2024-06-10 12:58:26,125 [DEBUG] https://api.mercadolibre.com:443 "GET /items/MLA1416314709 HTTP/1.1" 200 None
2024-06-10 12:58:26,125 [INFO] La request se ejecutó con éxito!
2024-06-10 12:58:26,128 [DEBUG] Starting new HTTPS connection (1): api.mercadolibre.com:443
2024-06-10 12:58:26,383 [DEBUG] https://api.mercadolibre.com:443 "GET /items/MLA1338041371 HTTP/1.1" 200 None
2024-06-10 12:58:26,384 [INFO] La request se ejecutó con éxito!
2024-06-10 12:58:26,388 [DEBUG] Starting new HTTPS connection (1): api.mercadolibre.com:443
2024-06-10 12:58:26,634 [DEBUG] https://api.mercadolibre.com:443 "GET /items/MLA1277642488 HTTP/1.1" 200 None
2024-06-10 12:58:26,635 [INFO] La request se ejecutó con éxito!
2024-06-10 12:58:26,638 [DEBUG] Starting new HTTPS connection (1): api.mercadolibre.com:443
2024-06-10 12:58:26,896 [DEBUG] https://api.mercadolibre.com:443 "GET /items/MLA1130305136 HTTP/1.1" 200 None
2024-06-10 12:58:26,897 [INFO] La request se ejecutó con éxito!
2024-06-10 12:58:26,900 [DEBUG] Starting new HTTPS connection (1): api.mercadolibre.com:443
2024-06-10 12:58:27,152 [DEBUG] https://api.mercadolibre.com:443 "GET /items/MLA1428129363 HTTP/1.1" 200 None
2024-06-10 12:58:27,153 [INFO] La request se ejecutó con éxito!
2024-06-10 12:58:27,157 [DEBUG] Starting new HTTPS connection (1): api.mercadolibre.com:443
2024-06-10 12:58:27,437 [DEBUG] https://api.mercadolibre.com:443 "GET /items/MLA1685247476 HTTP/1.1" 200 None
2024-06-10 12:58:27,438 [INFO] La request se ejecutó con éxito!
2024-06-10 12:58:27,442 [DEBUG] Starting new HTTPS connection (1): api.mercadolibre.com:443
2024-06-10 12:58:27,713 [DEBUG] https://api.mercadolibre.com:443 "GET /items/MLA1121937411 HTTP/1.1" 200 None
2024-06-10 12:58:27,714 [INFO] La request se ejecutó con éxito!
2024-06-10 12:58:27,717 [DEBUG] Starting new HTTPS connection (1): api.mercadolibre.com:443
2024-06-10 12:58:27,985 [DEBUG] https://api.mercadolibre.com:443 "GET /items/MLA1552633384 HTTP/1.1" 200 None
2024-06-10 12:58:27,987 [INFO] La request se ejecutó con éxito!
2024-06-10 12:58:27,991 [DEBUG] Starting new HTTPS connection (1): api.mercadolibre.com:443
2024-06-10 12:58:28,251 [DEBUG] https://api.mercadolibre.com:443 "GET /items/MLA1324107998 HTTP/1.1" 200 None
2024-06-10 12:58:28,252 [INFO] La request se ejecutó con éxito!
2024-06-10 12:58:28,256 [DEBUG] Starting new HTTPS connection (1): api.mercadolibre.com:443
2024-06-10 12:58:28,514 [DEBUG] https://api.mercadolibre.com:443 "GET /items/MLA1605166878 HTTP/1.1" 200 None
2024-06-10 12:58:28,515 [INFO] La request se ejecutó con éxito!
2024-06-10 12:58:28,518 [DEBUG] Starting new HTTPS connection (1): api.mercadolibre.com:443
2024-06-10 12:58:28,772 [DEBUG] https://api.mercadolibre.com:443 "GET /items/MLA780453981 HTTP/1.1" 200 None
2024-06-10 12:58:28,773 [INFO] La request se ejecutó con éxito!
2024-06-10 12:58:28,776 [DEBUG] Starting new HTTPS connection (1): api.mercadolibre.com:443
2024-06-10 12:58:29,035 [DEBUG] https://api.mercadolibre.com:443 "GET /items/MLA1431405177 HTTP/1.1" 200 None
2024-06-10 12:58:29,035 [INFO] La request se ejecutó con éxito!
2024-06-10 12:58:29,039 [DEBUG] Starting new HTTPS connection (1): api.mercadolibre.com:443
2024-06-10 12:58:29,298 [DEBUG] https://api.mercadolibre.com:443 "GET /items/MLA1150924237 HTTP/1.1" 200 None
2024-06-10 12:58:29,299 [INFO] La request se ejecutó con éxito!
2024-06-10 12:58:29,302 [DEBUG] Starting new HTTPS connection (1): api.mercadolibre.com:443
2024-06-10 12:58:29,571 [DEBUG] https://api.mercadolibre.com:443 "GET /items/MLA918072516 HTTP/1.1" 200 None
2024-06-10 12:58:29,573 [INFO] La request se ejecutó con éxito!
2024-06-10 12:58:29,576 [DEBUG] Starting new HTTPS connection (1): api.mercadolibre.com:443
2024-06-10 12:58:29,833 [DEBUG] https://api.mercadolibre.com:443 "GET /items/MLA1785182142 HTTP/1.1" 200 None
2024-06-10 12:58:29,833 [INFO] La request se ejecutó con éxito!
2024-06-10 12:58:29,836 [DEBUG] Starting new HTTPS connection (1): api.mercadolibre.com:443
2024-06-10 12:58:30,105 [DEBUG] https://api.mercadolibre.com:443 "GET /items/MLA1429485397 HTTP/1.1" 200 None
2024-06-10 12:58:30,106 [INFO] La request se ejecutó con éxito!
2024-06-10 12:58:30,108 [DEBUG] Starting new HTTPS connection (1): api.mercadolibre.com:443
2024-06-10 12:58:30,369 [DEBUG] https://api.mercadolibre.com:443 "GET /items/MLA1127771299 HTTP/1.1" 200 None
2024-06-10 12:58:30,370 [INFO] La request se ejecutó con éxito!
2024-06-10 12:58:30,375 [DEBUG] Starting new HTTPS connection (1): api.mercadolibre.com:443
2024-06-10 12:58:30,636 [DEBUG] https://api.mercadolibre.com:443 "GET /items/MLA1664717226 HTTP/1.1" 200 None
2024-06-10 12:58:30,637 [INFO] La request se ejecutó con éxito!
2024-06-10 12:58:30,641 [DEBUG] Starting new HTTPS connection (1): api.mercadolibre.com:443
2024-06-10 12:58:30,885 [DEBUG] https://api.mercadolibre.com:443 "GET /items/MLA1427467661 HTTP/1.1" 200 None
2024-06-10 12:58:30,886 [INFO] La request se ejecutó con éxito!
2024-06-10 12:58:30,890 [DEBUG] Starting new HTTPS connection (1): api.mercadolibre.com:443
2024-06-10 12:58:31,149 [DEBUG] https://api.mercadolibre.com:443 "GET /items/MLA1384134643 HTTP/1.1" 200 None
2024-06-10 12:58:31,150 [INFO] La request se ejecutó con éxito!
2024-06-10 12:58:31,154 [DEBUG] Starting new HTTPS connection (1): api.mercadolibre.com:443
2024-06-10 12:58:31,410 [DEBUG] https://api.mercadolibre.com:443 "GET /items/MLA873351413 HTTP/1.1" 200 None
2024-06-10 12:58:31,411 [INFO] La request se ejecutó con éxito!
2024-06-10 12:58:31,413 [DEBUG] Starting new HTTPS connection (1): api.mercadolibre.com:443
2024-06-10 12:58:31,658 [DEBUG] https://api.mercadolibre.com:443 "GET /items/MLA873646326 HTTP/1.1" 200 None
2024-06-10 12:58:31,658 [INFO] La request se ejecutó con éxito!
2024-06-10 12:58:31,660 [DEBUG] Starting new HTTPS connection (1): api.mercadolibre.com:443
2024-06-10 12:58:31,904 [DEBUG] https://api.mercadolibre.com:443 "GET /items/MLA873350814 HTTP/1.1" 200 None
2024-06-10 12:58:31,904 [INFO] La request se ejecutó con éxito!
2024-06-10 12:58:31,906 [DEBUG] Starting new HTTPS connection (1): api.mercadolibre.com:443
2024-06-10 12:58:32,166 [DEBUG] https://api.mercadolibre.com:443 "GET /items/MLA1392498187 HTTP/1.1" 200 None
2024-06-10 12:58:32,166 [INFO] La request se ejecutó con éxito!
2024-06-10 12:58:32,169 [DEBUG] Starting new HTTPS connection (1): api.mercadolibre.com:443
2024-06-10 12:58:32,440 [DEBUG] https://api.mercadolibre.com:443 "GET /items/MLA1125935779 HTTP/1.1" 200 None
2024-06-10 12:58:32,441 [INFO] La request se ejecutó con éxito!
2024-06-10 12:58:32,443 [DEBUG] Starting new HTTPS connection (1): api.mercadolibre.com:443
2024-06-10 12:58:32,710 [DEBUG] https://api.mercadolibre.com:443 "GET /items/MLA873351456 HTTP/1.1" 200 None
2024-06-10 12:58:32,711 [INFO] La request se ejecutó con éxito!
2024-06-10 12:58:32,713 [DEBUG] Starting new HTTPS connection (1): api.mercadolibre.com:443
2024-06-10 12:58:32,986 [DEBUG] https://api.mercadolibre.com:443 "GET /items/MLA1781975708 HTTP/1.1" 200 None
2024-06-10 12:58:32,986 [INFO] La request se ejecutó con éxito!
2024-06-10 12:58:32,989 [DEBUG] Starting new HTTPS connection (1): api.mercadolibre.com:443
2024-06-10 12:58:33,256 [DEBUG] https://api.mercadolibre.com:443 "GET /items/MLA1376911913 HTTP/1.1" 200 None
2024-06-10 12:58:33,257 [INFO] La request se ejecutó con éxito!
2024-06-10 12:58:33,261 [DEBUG] Starting new HTTPS connection (1): api.mercadolibre.com:443
2024-06-10 12:58:33,506 [DEBUG] https://api.mercadolibre.com:443 "GET /items/MLA1683895992 HTTP/1.1" 200 None
2024-06-10 12:58:33,507 [INFO] La request se ejecutó con éxito!
2024-06-10 12:58:33,510 [DEBUG] Starting new HTTPS connection (1): api.mercadolibre.com:443
2024-06-10 12:58:33,757 [DEBUG] https://api.mercadolibre.com:443 "GET /items/MLA856423228 HTTP/1.1" 200 None
2024-06-10 12:58:33,758 [INFO] La request se ejecutó con éxito!
2024-06-10 12:58:33,762 [DEBUG] Starting new HTTPS connection (1): api.mercadolibre.com:443
2024-06-10 12:58:34,007 [DEBUG] https://api.mercadolibre.com:443 "GET /items/MLA1398755255 HTTP/1.1" 200 None
2024-06-10 12:58:34,008 [INFO] La request se ejecutó con éxito!
2024-06-10 12:58:34,011 [DEBUG] Starting new HTTPS connection (1): api.mercadolibre.com:443
2024-06-10 12:58:34,271 [DEBUG] https://api.mercadolibre.com:443 "GET /items/MLA1400539531 HTTP/1.1" 200 None
2024-06-10 12:58:34,272 [INFO] La request se ejecutó con éxito!
2024-06-10 12:58:34,276 [DEBUG] Starting new HTTPS connection (1): api.mercadolibre.com:443
2024-06-10 12:58:34,556 [DEBUG] https://api.mercadolibre.com:443 "GET /items/MLA1597457958 HTTP/1.1" 200 None
2024-06-10 12:58:34,557 [INFO] La request se ejecutó con éxito!
2024-06-10 12:58:34,559 [DEBUG] Starting new HTTPS connection (1): api.mercadolibre.com:443
2024-06-10 12:58:34,817 [DEBUG] https://api.mercadolibre.com:443 "GET /items/MLA1597677284 HTTP/1.1" 200 None
2024-06-10 12:58:34,818 [INFO] La request se ejecutó con éxito!
2024-06-10 12:58:34,822 [DEBUG] Starting new HTTPS connection (1): api.mercadolibre.com:443
2024-06-10 12:58:35,090 [DEBUG] https://api.mercadolibre.com:443 "GET /items/MLA1597574484 HTTP/1.1" 200 None
2024-06-10 12:58:35,092 [INFO] La request se ejecutó con éxito!
2024-06-10 12:58:35,096 [DEBUG] Starting new HTTPS connection (1): api.mercadolibre.com:443
2024-06-10 12:58:35,366 [DEBUG] https://api.mercadolibre.com:443 "GET /items/MLA1597470910 HTTP/1.1" 200 None
2024-06-10 12:58:35,367 [INFO] La request se ejecutó con éxito!
2024-06-10 12:58:35,373 [DEBUG] Starting new HTTPS connection (1): api.mercadolibre.com:443
