2024-06-10 01:11:01,467 [DEBUG] Starting new HTTPS connection (1): api.mercadolibre.com:443
2024-06-10 01:11:01,876 [DEBUG] https://api.mercadolibre.com:443 "GET /sites/MLA/search?q=Chromecast&limit=1 HTTP/1.1" 200 None
2024-06-10 01:11:01,877 [INFO] La request se ejecutó con éxito!
2024-06-10 01:11:01,880 [DEBUG] Starting new HTTPS connection (1): api.mercadolibre.com:443
2024-06-10 01:11:02,285 [DEBUG] https://api.mercadolibre.com:443 "GET /sites/MLA/search?q=Google%20Home&limit=1 HTTP/1.1" 200 None
2024-06-10 01:11:02,286 [INFO] La request se ejecutó con éxito!
2024-06-10 01:11:02,289 [DEBUG] Starting new HTTPS connection (1): api.mercadolibre.com:443
2024-06-10 01:11:02,695 [DEBUG] https://api.mercadolibre.com:443 "GET /sites/MLA/search?q=Apple%20TV&limit=1 HTTP/1.1" 200 None
2024-06-10 01:11:02,695 [INFO] La request se ejecutó con éxito!
2024-06-10 01:11:02,697 [DEBUG] Starting new HTTPS connection (1): api.mercadolibre.com:443
2024-06-10 01:11:03,207 [DEBUG] https://api.mercadolibre.com:443 "GET /sites/MLA/search?q=Amazon%20Fire%20TV&limit=1 HTTP/1.1" 200 None
2024-06-10 01:11:03,209 [INFO] La request se ejecutó con éxito!
2024-06-10 01:11:03,210 [INFO] Extrayendo los ID de los items...
2024-06-10 01:11:03,213 [DEBUG] Starting new HTTPS connection (1): api.mercadolibre.com:443
2024-06-10 01:11:03,465 [DEBUG] https://api.mercadolibre.com:443 "GET /items/MLA1696276176 HTTP/1.1" 200 None
2024-06-10 01:11:03,466 [INFO] La request se ejecutó con éxito!
2024-06-10 01:11:03,468 [DEBUG] Starting new HTTPS connection (1): api.mercadolibre.com:443
2024-06-10 01:11:03,711 [DEBUG] https://api.mercadolibre.com:443 "GET /items/MLA918072516 HTTP/1.1" 200 None
2024-06-10 01:11:03,712 [INFO] La request se ejecutó con éxito!
2024-06-10 01:11:03,716 [DEBUG] Starting new HTTPS connection (1): api.mercadolibre.com:443
2024-06-10 01:11:03,956 [DEBUG] https://api.mercadolibre.com:443 "GET /items/MLA1113585170 HTTP/1.1" 200 None
2024-06-10 01:11:03,957 [INFO] La request se ejecutó con éxito!
2024-06-10 01:11:03,960 [DEBUG] Starting new HTTPS connection (1): api.mercadolibre.com:443
2024-06-10 01:11:04,204 [DEBUG] https://api.mercadolibre.com:443 "GET /items/MLA1718273728 HTTP/1.1" 200 None
2024-06-10 01:11:04,205 [INFO] La request se ejecutó con éxito!
